2026-01-14 14:33:42,757 | INFO | [get_stocks_prices.py -> get_historical_prices():19]		Fetching historical prices for ticker: AAPL, period: 1mo, interval: 1d
2026-01-14 14:33:43,327 | INFO | [prompt_builder.py -> build_prompt():16]		Building prompt for model
2026-01-14 14:34:48,161 | INFO | [get_stocks_prices.py -> get_historical_prices():23]		Fetching historical prices for ticker: AAPL, period: 1mo, interval: 1d
2026-01-14 14:34:48,658 | INFO | [prompt_builder.py -> build_prompt():16]		Building prompt for model
2026-01-14 14:37:38,296 | INFO | [get_stocks_prices.py -> get_historical_prices():23]		Fetching historical prices for ticker: AAPL, period: 1mo, interval: 1d
2026-01-14 14:37:38,844 | INFO | [prompt_builder.py -> build_prompt():16]		Building prompt for model
2026-01-14 20:55:07,624 | INFO | [get_stocks_prices.py -> get_current_price():9]		Fetching current price for ticker: AAPL
2026-01-14 20:55:08,339 | INFO | [get_stocks_prices.py -> get_current_price():16]		Current price of AAPL: 258.260009765625
2026-01-14 20:55:08,339 | INFO | [get_stocks_prices.py -> get_historical_prices():24]		Fetching historical prices for ticker: AAPL, period: 3mo, interval: 1d
2026-01-14 21:03:15,571 | INFO | [get_stocks_prices.py -> get_current_price():9]		Fetching current price for ticker: GOOG
2026-01-14 21:03:16,347 | INFO | [get_stocks_prices.py -> get_current_price():16]		Current price of AAPL: 335.8999938964844
2026-01-14 21:03:16,347 | INFO | [get_stocks_prices.py -> get_historical_prices():24]		Fetching historical prices for ticker: GOOG, period: 3mo, interval: 1d
2026-01-14 21:03:54,056 | INFO | [get_stocks_prices.py -> get_current_price():9]		Fetching current price for ticker: AAPL
2026-01-14 21:03:54,410 | INFO | [get_stocks_prices.py -> get_current_price():16]		Current price of AAPL: 258.8999938964844
2026-01-14 21:03:54,410 | INFO | [get_stocks_prices.py -> get_historical_prices():24]		Fetching historical prices for ticker: AAPL, period: 3mo, interval: 1d
2026-01-14 21:04:08,105 | INFO | [get_stocks_prices.py -> get_current_price():9]		Fetching current price for ticker: MSFT
2026-01-14 21:04:08,632 | INFO | [get_stocks_prices.py -> get_current_price():16]		Current price of AAPL: 458.260009765625
2026-01-14 21:04:08,632 | INFO | [get_stocks_prices.py -> get_historical_prices():24]		Fetching historical prices for ticker: MSFT, period: 3mo, interval: 1d
2026-01-14 21:16:32,074 | INFO | [get_stocks_prices.py -> get_current_price():9]		Fetching current price for ticker: AAPL
2026-01-14 21:16:32,898 | INFO | [get_stocks_prices.py -> get_current_price():16]		Current price of AAPL: 259.468994140625
2026-01-14 21:16:32,901 | INFO | [get_stocks_prices.py -> get_historical_prices():24]		Fetching historical prices for ticker: AAPL, period: 3mo, interval: 1d
2026-01-14 21:20:33,287 | INFO | [get_stocks_prices.py -> get_current_price():9]		Fetching current price for ticker: GOOG
2026-01-14 21:20:33,965 | INFO | [get_stocks_prices.py -> get_current_price():16]		Current price of AAPL: 335.3900146484375
2026-01-14 21:20:33,969 | INFO | [get_stocks_prices.py -> get_historical_prices():24]		Fetching historical prices for ticker: GOOG, period: 3mo, interval: 1d
2026-01-14 21:24:03,969 | INFO | [get_stocks_prices.py -> get_historical_prices():24]		Fetching historical prices for ticker: AAPL, period: 3mo, interval: 1d
2026-01-14 21:24:04,630 | INFO | [get_stocks_prices.py -> get_current_price():9]		Fetching current price for ticker: AAPL
2026-01-14 21:24:04,926 | INFO | [get_stocks_prices.py -> get_current_price():16]		Current price of AAPL: 259.6400146484375
2026-01-14 21:24:04,929 | INFO | [get_stocks_prices.py -> get_historical_prices():24]		Fetching historical prices for ticker: AAPL, period: 3mo, interval: 1d
2026-01-14 21:24:14,951 | INFO | [get_stocks_prices.py -> get_historical_prices():24]		Fetching historical prices for ticker: AAPL, period: 3mo, interval: 1d
2026-01-14 21:24:15,118 | INFO | [get_stocks_prices.py -> get_current_price():9]		Fetching current price for ticker: AAPL
2026-01-14 21:24:15,439 | INFO | [get_stocks_prices.py -> get_current_price():16]		Current price of AAPL: 259.69000244140625
2026-01-14 21:24:15,442 | INFO | [get_stocks_prices.py -> get_historical_prices():24]		Fetching historical prices for ticker: AAPL, period: 3mo, interval: 1d
2026-01-14 21:24:28,331 | INFO | [get_stocks_prices.py -> get_historical_prices():24]		Fetching historical prices for ticker: AAPL, period: 3mo, interval: 1d
2026-01-14 21:24:28,476 | INFO | [get_stocks_prices.py -> get_current_price():9]		Fetching current price for ticker: AAPL
2026-01-14 21:24:28,850 | INFO | [get_stocks_prices.py -> get_current_price():16]		Current price of AAPL: 259.6824951171875
2026-01-14 21:24:28,854 | INFO | [get_stocks_prices.py -> get_historical_prices():24]		Fetching historical prices for ticker: AAPL, period: 3mo, interval: 1d
2026-01-14 21:24:49,095 | INFO | [get_stocks_prices.py -> get_historical_prices():24]		Fetching historical prices for ticker: AAPL, period: 3mo, interval: 1d
2026-01-14 21:24:49,580 | INFO | [get_stocks_prices.py -> get_current_price():9]		Fetching current price for ticker: AAPL
2026-01-14 21:24:49,979 | INFO | [get_stocks_prices.py -> get_current_price():16]		Current price of AAPL: 259.67999267578125
2026-01-14 21:24:49,981 | INFO | [get_stocks_prices.py -> get_historical_prices():24]		Fetching historical prices for ticker: AAPL, period: 3mo, interval: 1d
2026-01-14 21:26:00,756 | INFO | [get_stocks_prices.py -> get_historical_prices():24]		Fetching historical prices for ticker: AAPL, period: 3mo, interval: 1d
2026-01-14 21:26:01,257 | INFO | [get_stocks_prices.py -> get_current_price():9]		Fetching current price for ticker: AAPL
2026-01-14 21:26:01,563 | INFO | [get_stocks_prices.py -> get_current_price():16]		Current price of AAPL: 259.81671142578125
2026-01-14 21:26:01,567 | INFO | [get_stocks_prices.py -> get_historical_prices():24]		Fetching historical prices for ticker: AAPL, period: 3mo, interval: 1d
2026-01-14 21:26:18,285 | INFO | [get_stocks_prices.py -> get_historical_prices():24]		Fetching historical prices for ticker: AAPL, period: 3mo, interval: 1d
2026-01-14 21:26:18,870 | INFO | [get_stocks_prices.py -> get_current_price():9]		Fetching current price for ticker: AAPL
2026-01-14 21:26:19,131 | INFO | [get_stocks_prices.py -> get_current_price():16]		Current price of AAPL: 259.82000732421875
2026-01-14 21:26:19,134 | INFO | [get_stocks_prices.py -> get_historical_prices():24]		Fetching historical prices for ticker: AAPL, period: 3mo, interval: 1d
2026-01-14 21:33:39,182 | INFO | [get_stocks_prices.py -> get_historical_prices():24]		Fetching historical prices for ticker: AAPL, period: 3mo, interval: 1d
2026-01-14 21:33:39,468 | INFO | [get_stocks_prices.py -> get_current_price():9]		Fetching current price for ticker: AAPL
2026-01-14 21:33:39,705 | INFO | [get_stocks_prices.py -> get_current_price():16]		Current price of AAPL: 260.3599853515625
2026-01-14 21:33:39,708 | INFO | [get_stocks_prices.py -> get_historical_prices():24]		Fetching historical prices for ticker: AAPL, period: 3mo, interval: 1d
2026-01-14 21:35:40,605 | INFO | [get_stocks_prices.py -> get_historical_prices():24]		Fetching historical prices for ticker: AAPL, period: 3mo, interval: 1d
2026-01-14 21:35:40,845 | INFO | [get_stocks_prices.py -> get_current_price():9]		Fetching current price for ticker: AAPL
2026-01-14 21:35:41,119 | INFO | [get_stocks_prices.py -> get_current_price():16]		Current price of AAPL: 260.4800109863281
2026-01-14 21:35:41,122 | INFO | [get_stocks_prices.py -> get_historical_prices():24]		Fetching historical prices for ticker: AAPL, period: 3mo, interval: 1d
2026-01-14 21:36:24,326 | INFO | [get_stocks_prices.py -> get_historical_prices():24]		Fetching historical prices for ticker: AAPL, period: 3mo, interval: 1d
2026-01-14 21:36:24,891 | INFO | [get_stocks_prices.py -> get_current_price():9]		Fetching current price for ticker: AAPL
2026-01-14 21:36:25,159 | INFO | [get_stocks_prices.py -> get_current_price():16]		Current price of AAPL: 260.4800109863281
2026-01-14 21:36:25,162 | INFO | [get_stocks_prices.py -> get_historical_prices():24]		Fetching historical prices for ticker: AAPL, period: 3mo, interval: 1d
2026-01-14 21:40:17,598 | INFO | [get_stocks_prices.py -> get_historical_prices():24]		Fetching historical prices for ticker: AAPL, period: 3mo, interval: 1d
2026-01-14 21:40:17,996 | INFO | [get_stocks_prices.py -> get_current_price():9]		Fetching current price for ticker: AAPL
2026-01-14 21:40:18,324 | INFO | [get_stocks_prices.py -> get_current_price():16]		Current price of AAPL: 260.3999938964844
2026-01-14 21:40:18,327 | INFO | [get_stocks_prices.py -> get_historical_prices():24]		Fetching historical prices for ticker: AAPL, period: 3mo, interval: 1d
2026-01-14 21:40:59,553 | INFO | [get_stocks_prices.py -> get_historical_prices():24]		Fetching historical prices for ticker: S&P500, period: 3mo, interval: 1d
2026-01-14 21:41:01,583 | WARNING | [get_stocks_prices.py -> get_historical_prices():34]		No historical data returned for S&P500
2026-01-14 21:41:01,590 | INFO | [get_stocks_prices.py -> get_current_price():9]		Fetching current price for ticker: S&P500
2026-01-14 21:41:51,024 | INFO | [get_stocks_prices.py -> get_historical_prices():24]		Fetching historical prices for ticker: GOOG, period: 3mo, interval: 1d
2026-01-14 21:41:51,138 | INFO | [get_stocks_prices.py -> get_current_price():9]		Fetching current price for ticker: GOOG
2026-01-14 21:41:51,416 | INFO | [get_stocks_prices.py -> get_current_price():16]		Current price of AAPL: 336.8399963378906
2026-01-14 21:41:51,420 | INFO | [get_stocks_prices.py -> get_historical_prices():24]		Fetching historical prices for ticker: GOOG, period: 3mo, interval: 1d
2026-01-14 21:42:52,556 | INFO | [get_stocks_prices.py -> get_historical_prices():24]		Fetching historical prices for ticker: DIS, period: 3mo, interval: 1d
2026-01-14 21:42:52,868 | INFO | [get_stocks_prices.py -> get_current_price():9]		Fetching current price for ticker: DIS
2026-01-14 21:42:53,150 | INFO | [get_stocks_prices.py -> get_current_price():16]		Current price of AAPL: 113.18499755859375
2026-01-14 21:42:53,154 | INFO | [get_stocks_prices.py -> get_historical_prices():24]		Fetching historical prices for ticker: DIS, period: 3mo, interval: 1d
2026-01-14 21:43:21,923 | INFO | [get_stocks_prices.py -> get_historical_prices():24]		Fetching historical prices for ticker: GA, period: 3mo, interval: 1d
2026-01-14 21:43:22,230 | WARNING | [get_stocks_prices.py -> get_historical_prices():34]		No historical data returned for GA
2026-01-14 21:43:22,239 | INFO | [get_stocks_prices.py -> get_current_price():9]		Fetching current price for ticker: GA
2026-01-14 21:43:34,903 | INFO | [get_stocks_prices.py -> get_historical_prices():24]		Fetching historical prices for ticker: HD, period: 3mo, interval: 1d
2026-01-14 21:43:35,175 | INFO | [get_stocks_prices.py -> get_current_price():9]		Fetching current price for ticker: HD
2026-01-14 21:43:35,452 | INFO | [get_stocks_prices.py -> get_current_price():16]		Current price of AAPL: 374.8550109863281
2026-01-14 21:43:35,456 | INFO | [get_stocks_prices.py -> get_historical_prices():24]		Fetching historical prices for ticker: HD, period: 3mo, interval: 1d
2026-01-14 22:02:34,097 | INFO | [get_stocks_prices.py -> get_historical_prices():24]		Fetching historical prices for ticker: AAPL, period: 1mo, interval: 1d
2026-01-14 22:42:50,194 | INFO | [get_stocks_prices.py -> get_historical_prices():24]		Fetching historical prices for ticker: AAPL, period: 3mo, interval: 1d
2026-01-14 22:42:50,859 | INFO | [get_stocks_prices.py -> get_current_price():9]		Fetching current price for ticker: AAPL
2026-01-14 22:42:51,185 | INFO | [get_stocks_prices.py -> get_current_price():16]		Current price of AAPL: 259.9599914550781
2026-01-14 22:42:51,188 | INFO | [get_stocks_prices.py -> get_historical_prices():24]		Fetching historical prices for ticker: AAPL, period: 3mo, interval: 1d
2026-01-14 22:50:49,665 | INFO | [get_stocks_prices.py -> get_historical_prices():24]		Fetching historical prices for ticker: AAPL, period: 1mo, interval: 1d
2026-01-14 22:53:01,801 | INFO | [get_stocks_prices.py -> get_historical_prices():24]		Fetching historical prices for ticker: AAPL, period: 1mo, interval: 1d
2026-01-14 22:54:05,861 | INFO | [get_stocks_prices.py -> get_historical_prices():24]		Fetching historical prices for ticker: AAPL, period: 1mo, interval: 1d
2026-01-14 22:54:37,256 | INFO | [get_stocks_prices.py -> get_historical_prices():24]		Fetching historical prices for ticker: AAPL, period: 1mo, interval: 1d
2026-01-14 22:55:44,869 | INFO | [get_stocks_prices.py -> get_historical_prices():24]		Fetching historical prices for ticker: AAPL, period: 1mo, interval: 1d
2026-01-14 22:56:37,492 | INFO | [get_stocks_prices.py -> get_historical_prices():24]		Fetching historical prices for ticker: AAPL, period: 1mo, interval: 1d
2026-01-14 22:59:01,017 | INFO | [get_stocks_prices.py -> get_historical_prices():24]		Fetching historical prices for ticker: AAPL, period: 1mo, interval: 1d
2026-01-14 22:59:09,492 | INFO | [get_stocks_prices.py -> get_historical_prices():24]		Fetching historical prices for ticker: AAPL, period: 1mo, interval: 1d
2026-01-14 23:01:55,503 | INFO | [get_stocks_prices.py -> get_historical_prices():24]		Fetching historical prices for ticker: AAPL, period: 1mo, interval: 1d
2026-01-14 23:02:57,756 | INFO | [get_stocks_prices.py -> get_historical_prices():24]		Fetching historical prices for ticker: AAPL, period: 3mo, interval: 1d
2026-01-14 23:02:58,321 | INFO | [get_stocks_prices.py -> get_current_price():9]		Fetching current price for ticker: AAPL
2026-01-14 23:02:58,574 | INFO | [get_stocks_prices.py -> get_current_price():16]		Current price of AAPL: 259.9599914550781
2026-01-14 23:02:58,577 | INFO | [get_stocks_prices.py -> get_historical_prices():24]		Fetching historical prices for ticker: AAPL, period: 3mo, interval: 1d
2026-01-14 23:09:36,724 | INFO | [get_stocks_prices.py -> get_historical_prices():24]		Fetching historical prices for ticker: AAPL, period: 3mo, interval: 1d
2026-01-14 23:09:37,205 | INFO | [get_stocks_prices.py -> get_current_price():9]		Fetching current price for ticker: AAPL
2026-01-14 23:09:37,451 | INFO | [get_stocks_prices.py -> get_current_price():16]		Current price of AAPL: 259.9599914550781
2026-01-14 23:09:37,454 | INFO | [get_stocks_prices.py -> get_historical_prices():24]		Fetching historical prices for ticker: AAPL, period: 3mo, interval: 1d
2026-01-14 23:14:23,779 | INFO | [get_stocks_prices.py -> get_historical_prices():24]		Fetching historical prices for ticker: AAPL, period: 3mo, interval: 1d
2026-01-14 23:14:31,374 | INFO | [get_stocks_prices.py -> get_current_price():9]		Fetching current price for ticker: AAPL
2026-01-14 23:14:31,627 | INFO | [get_stocks_prices.py -> get_current_price():16]		Current price of AAPL: 259.9599914550781
2026-01-14 23:14:31,630 | INFO | [get_stocks_prices.py -> get_historical_prices():24]		Fetching historical prices for ticker: AAPL, period: 3mo, interval: 1d
2026-01-14 23:19:15,552 | INFO | [get_stocks_prices.py -> get_historical_prices():24]		Fetching historical prices for ticker: AAPL, period: 3mo, interval: 1d
2026-01-14 23:19:21,302 | INFO | [get_stocks_prices.py -> get_current_price():9]		Fetching current price for ticker: AAPL
2026-01-14 23:19:21,542 | INFO | [get_stocks_prices.py -> get_current_price():16]		Current price of AAPL: 259.9599914550781
2026-01-14 23:19:21,544 | INFO | [get_stocks_prices.py -> get_historical_prices():24]		Fetching historical prices for ticker: AAPL, period: 3mo, interval: 1d
2026-01-14 23:25:49,544 | INFO | [get_stocks_prices.py -> get_historical_prices():24]		Fetching historical prices for ticker: AAPL, period: 1mo, interval: 1d
2026-01-15 15:44:10,189 | INFO | [get_stocks_prices.py -> get_historical_prices():24]		Fetching historical prices for ticker: AAPL, period: 3mo, interval: 1d
2026-01-15 15:44:10,776 | INFO | [get_stocks_prices.py -> get_current_price():9]		Fetching current price for ticker: AAPL
2026-01-15 15:44:11,100 | INFO | [get_stocks_prices.py -> get_current_price():16]		Current price of AAPL: 260.4649963378906
2026-01-15 15:44:11,103 | INFO | [get_stocks_prices.py -> get_historical_prices():24]		Fetching historical prices for ticker: AAPL, period: 3mo, interval: 1d
2026-01-15 15:45:51,456 | INFO | [get_stocks_prices.py -> get_historical_prices():24]		Fetching historical prices for ticker: AAPL, period: 3mo, interval: 1d
2026-01-15 15:45:51,812 | INFO | [get_stocks_prices.py -> get_current_price():9]		Fetching current price for ticker: AAPL
2026-01-15 15:45:52,091 | INFO | [get_stocks_prices.py -> get_current_price():16]		Current price of AAPL: 260.5299987792969
2026-01-15 15:45:52,095 | INFO | [get_stocks_prices.py -> get_historical_prices():24]		Fetching historical prices for ticker: AAPL, period: 3mo, interval: 1d
